[0m13:51:50.778847 [debug] [MainThread]: Sending event: {'category': 'dbt', 'action': 'invocation', 'label': 'start', 'context': [<snowplow_tracker.self_describing_json.SelfDescribingJson object at 0x0000017B00336900>, <snowplow_tracker.self_describing_json.SelfDescribingJson object at 0x0000017B02E8D090>, <snowplow_tracker.self_describing_json.SelfDescribingJson object at 0x0000017B02E8C7D0>]}


============================== 13:51:50.841388 | edc83798-0098-4312-8324-e1e6f5194f9d ==============================
[0m13:51:50.841388 [info ] [MainThread]: Running with dbt=1.8.9
[0m13:51:50.843700 [debug] [MainThread]: running dbt with arguments {'printer_width': '80', 'indirect_selection': 'eager', 'log_cache_events': 'False', 'write_json': 'True', 'partial_parse': 'True', 'cache_selected_only': 'False', 'warn_error': 'None', 'version_check': 'True', 'fail_fast': 'False', 'log_path': 'logs', 'profiles_dir': 'C:\\Users\\lgrimes\\.dbt', 'debug': 'False', 'use_colors': 'True', 'use_experimental_parser': 'False', 'empty': 'None', 'quiet': 'False', 'no_print': 'None', 'warn_error_options': 'WarnErrorOptions(include=[], exclude=[])', 'invocation_command': 'dbt init', 'introspect': 'True', 'static_parser': 'True', 'target_path': 'None', 'log_format': 'default', 'send_anonymous_usage_stats': 'True'}
[0m13:53:16.543985 [debug] [MainThread]: Starter project path: C:\Users\lgrimes\AppData\Local\Programs\Python\Python313\Lib\site-packages\dbt\include\starter_project
[0m13:53:16.757384 [info ] [MainThread]: 
Your new dbt project "dbtFiveTran_Test" was created!

For more information on how to configure the profiles.yml file,
please consult the dbt documentation here:

  https://docs.getdbt.com/docs/configure-your-profile

One more thing:

Need help? Don't hesitate to reach out to us via GitHub issues or on Slack:

  https://community.getdbt.com/

Happy modeling!

[0m13:53:16.758275 [info ] [MainThread]: Setting up your profile.
[0m14:08:49.283965 [info ] [MainThread]: Profile dbtFiveTran_Test written to C:\Users\lgrimes\.dbt\profiles.yml using target's profile_template.yml and your supplied values. Run 'dbt debug' to validate the connection.
[0m14:08:49.286608 [debug] [MainThread]: Command `dbt init` succeeded at 14:08:49.286409 after 1019.06 seconds
[0m14:08:49.286993 [debug] [MainThread]: Sending event: {'category': 'dbt', 'action': 'invocation', 'label': 'end', 'context': [<snowplow_tracker.self_describing_json.SelfDescribingJson object at 0x0000017B03DB76F0>, <snowplow_tracker.self_describing_json.SelfDescribingJson object at 0x0000017B030D16D0>, <snowplow_tracker.self_describing_json.SelfDescribingJson object at 0x0000017B04DE1370>]}
[0m14:08:49.287362 [debug] [MainThread]: Flushing usage events
[0m14:08:49.572752 [debug] [MainThread]: Error sending anonymous usage statistics. Disabling tracking for this execution. If you wish to permanently disable tracking, see: https://docs.getdbt.com/reference/global-configs#send-anonymous-usage-stats.
[0m14:09:11.739980 [debug] [MainThread]: Sending event: {'category': 'dbt', 'action': 'invocation', 'label': 'start', 'context': [<snowplow_tracker.self_describing_json.SelfDescribingJson object at 0x000001D3AA91E7B0>, <snowplow_tracker.self_describing_json.SelfDescribingJson object at 0x000001D3AD3407D0>, <snowplow_tracker.self_describing_json.SelfDescribingJson object at 0x000001D3AD340690>]}


============================== 14:09:11.761001 | 352cb5f6-71d2-45f1-94be-e3d07f551583 ==============================
[0m14:09:11.761001 [info ] [MainThread]: Running with dbt=1.8.9
[0m14:09:11.763710 [debug] [MainThread]: running dbt with arguments {'printer_width': '80', 'indirect_selection': 'eager', 'log_cache_events': 'False', 'write_json': 'True', 'partial_parse': 'True', 'cache_selected_only': 'False', 'profiles_dir': 'C:\\Users\\lgrimes\\.dbt', 'version_check': 'True', 'fail_fast': 'False', 'log_path': 'logs', 'debug': 'False', 'warn_error': 'None', 'use_colors': 'True', 'use_experimental_parser': 'False', 'empty': 'None', 'quiet': 'False', 'no_print': 'None', 'log_format': 'default', 'introspect': 'True', 'warn_error_options': 'WarnErrorOptions(include=[], exclude=[])', 'static_parser': 'True', 'target_path': 'None', 'invocation_command': 'dbt debug', 'send_anonymous_usage_stats': 'True'}
[0m14:09:11.905171 [info ] [MainThread]: dbt version: 1.8.9
[0m14:09:11.906440 [info ] [MainThread]: python version: 3.13.0
[0m14:09:11.907162 [info ] [MainThread]: python path: C:\Users\lgrimes\AppData\Local\Programs\Python\Python313\python.exe
[0m14:09:11.908019 [info ] [MainThread]: os info: Windows-11-10.0.22631-SP0
[0m14:09:15.423475 [info ] [MainThread]: Using profiles dir at C:\Users\lgrimes\.dbt
[0m14:09:15.424932 [info ] [MainThread]: Using profiles.yml file at C:\Users\lgrimes\.dbt\profiles.yml
[0m14:09:15.426174 [info ] [MainThread]: Using dbt_project.yml file at c:\dbt\dbt_project.yml
[0m14:09:15.435191 [info ] [MainThread]: adapter type: snowflake
[0m14:09:15.436597 [info ] [MainThread]: adapter version: 1.8.4
[0m14:09:15.438694 [info ] [MainThread]: Configuration:
[0m14:09:15.439493 [info ] [MainThread]:   profiles.yml file [[32mOK found and valid[0m]
[0m14:09:15.441889 [info ] [MainThread]:   dbt_project.yml file [[31mERROR not found[0m]
[0m14:09:15.444419 [info ] [MainThread]: Required dependencies:
[0m14:09:15.446045 [debug] [MainThread]: Executing "git --help"
[0m14:09:16.406000 [debug] [MainThread]: STDOUT: "b"usage: git [-v | --version] [-h | --help] [-C <path>] [-c <name>=<value>]\n           [--exec-path[=<path>]] [--html-path] [--man-path] [--info-path]\n           [-p | --paginate | -P | --no-pager] [--no-replace-objects] [--bare]\n           [--git-dir=<path>] [--work-tree=<path>] [--namespace=<name>]\n           [--config-env=<name>=<envvar>] <command> [<args>]\n\nThese are common Git commands used in various situations:\n\nstart a working area (see also: git help tutorial)\n   clone     Clone a repository into a new directory\n   init      Create an empty Git repository or reinitialize an existing one\n\nwork on the current change (see also: git help everyday)\n   add       Add file contents to the index\n   mv        Move or rename a file, a directory, or a symlink\n   restore   Restore working tree files\n   rm        Remove files from the working tree and from the index\n\nexamine the history and state (see also: git help revisions)\n   bisect    Use binary search to find the commit that introduced a bug\n   diff      Show changes between commits, commit and working tree, etc\n   grep      Print lines matching a pattern\n   log       Show commit logs\n   show      Show various types of objects\n   status    Show the working tree status\n\ngrow, mark and tweak your common history\n   branch    List, create, or delete branches\n   commit    Record changes to the repository\n   merge     Join two or more development histories together\n   rebase    Reapply commits on top of another base tip\n   reset     Reset current HEAD to the specified state\n   switch    Switch branches\n   tag       Create, list, delete or verify a tag object signed with GPG\n\ncollaborate (see also: git help workflows)\n   fetch     Download objects and refs from another repository\n   pull      Fetch from and integrate with another repository or a local branch\n   push      Update remote refs along with associated objects\n\n'git help -a' and 'git help -g' list available subcommands and some\nconcept guides. See 'git help <command>' or 'git help <concept>'\nto read about a specific subcommand or concept.\nSee 'git help git' for an overview of the system.\n""
[0m14:09:16.407070 [debug] [MainThread]: STDERR: "b''"
[0m14:09:16.407737 [info ] [MainThread]:  - git [[32mOK found[0m]

[0m14:09:16.410622 [info ] [MainThread]: Connection:
[0m14:09:16.412883 [info ] [MainThread]:   account: uq31108.us-east-2.aws
[0m14:09:16.417514 [info ] [MainThread]:   user: D_MAT_USER
[0m14:09:16.418983 [info ] [MainThread]:   database: DEV_MATTINGS_SOL_DB
[0m14:09:16.420463 [info ] [MainThread]:   warehouse: DEV_MATTING_WH
[0m14:09:16.422711 [info ] [MainThread]:   role: EDW_DEVELOPMENT_MATTING_FR
[0m14:09:16.424061 [info ] [MainThread]:   schema: DEV_MATTINGS_SCHEMA
[0m14:09:16.424964 [info ] [MainThread]:   authenticator: None
[0m14:09:16.425818 [info ] [MainThread]:   oauth_client_id: None
[0m14:09:16.427865 [info ] [MainThread]:   query_tag: None
[0m14:09:16.433172 [info ] [MainThread]:   client_session_keep_alive: False
[0m14:09:16.434775 [info ] [MainThread]:   host: None
[0m14:09:16.435574 [info ] [MainThread]:   port: None
[0m14:09:16.436299 [info ] [MainThread]:   proxy_host: None
[0m14:09:16.437126 [info ] [MainThread]:   proxy_port: None
[0m14:09:16.437909 [info ] [MainThread]:   protocol: None
[0m14:09:16.438985 [info ] [MainThread]:   connect_retries: 1
[0m14:09:16.440317 [info ] [MainThread]:   connect_timeout: None
[0m14:09:16.441452 [info ] [MainThread]:   retry_on_database_errors: False
[0m14:09:16.442845 [info ] [MainThread]:   retry_all: False
[0m14:09:16.444383 [info ] [MainThread]:   insecure_mode: False
[0m14:09:16.447542 [info ] [MainThread]:   reuse_connections: None
[0m14:09:16.451051 [info ] [MainThread]: Registered adapter: snowflake=1.8.4
[0m14:09:18.515798 [debug] [MainThread]: Acquiring new snowflake connection 'debug'
[0m14:09:18.516970 [debug] [MainThread]: Using snowflake connection "debug"
[0m14:09:18.517453 [debug] [MainThread]: On debug: select 1 as id
[0m14:09:18.517883 [debug] [MainThread]: Opening a new connection, currently in state init
[0m14:09:21.558857 [debug] [MainThread]: Snowflake adapter: Error running SQL: select 1 as id
[0m14:09:21.559529 [debug] [MainThread]: Snowflake adapter: Rolling back transaction.
[0m14:09:21.560129 [debug] [MainThread]: On debug: No close available on handle
[0m14:09:21.560729 [info ] [MainThread]:   Connection test: [[31mERROR[0m]

[0m14:09:21.563175 [info ] [MainThread]: [31m2 checks failed:[0m
[0m14:09:21.564027 [info ] [MainThread]: Project loading failed for the following reason:
 project path <c:\dbt\dbt_project.yml> not found

[0m14:09:21.565001 [info ] [MainThread]: dbt was unable to connect to the specified database.
The database returned the following error:

  >Database Error
  250001 (08001): Failed to connect to DB: uq31108.us-east-2.aws.snowflakecomputing.com:443. Incorrect username or password was specified.

Check your database credentials and try again. For more information, visit:
https://docs.getdbt.com/docs/configure-your-profile


[0m14:09:21.568765 [debug] [MainThread]: Command `dbt debug` failed at 14:09:21.568533 after 10.31 seconds
[0m14:09:21.569279 [debug] [MainThread]: Connection 'debug' was properly closed.
[0m14:09:21.569760 [debug] [MainThread]: Sending event: {'category': 'dbt', 'action': 'invocation', 'label': 'end', 'context': [<snowplow_tracker.self_describing_json.SelfDescribingJson object at 0x000001D3AF3D8E90>, <snowplow_tracker.self_describing_json.SelfDescribingJson object at 0x000001D3AF66B650>, <snowplow_tracker.self_describing_json.SelfDescribingJson object at 0x000001D3AF339D00>]}
[0m14:09:21.570300 [debug] [MainThread]: Flushing usage events
[0m14:09:21.901372 [debug] [MainThread]: Error sending anonymous usage statistics. Disabling tracking for this execution. If you wish to permanently disable tracking, see: https://docs.getdbt.com/reference/global-configs#send-anonymous-usage-stats.
[0m14:33:20.991597 [debug] [MainThread]: Sending event: {'category': 'dbt', 'action': 'invocation', 'label': 'start', 'context': [<snowplow_tracker.self_describing_json.SelfDescribingJson object at 0x000001C0D20AE7B0>, <snowplow_tracker.self_describing_json.SelfDescribingJson object at 0x000001C0D4AD07D0>, <snowplow_tracker.self_describing_json.SelfDescribingJson object at 0x000001C0D4AD0690>]}


============================== 14:33:21.006045 | 550decb6-89e2-414d-9f8b-f52aa5a888f8 ==============================
[0m14:33:21.006045 [info ] [MainThread]: Running with dbt=1.8.9
[0m14:33:21.006891 [debug] [MainThread]: running dbt with arguments {'printer_width': '80', 'indirect_selection': 'eager', 'log_cache_events': 'False', 'write_json': 'True', 'partial_parse': 'True', 'cache_selected_only': 'False', 'warn_error': 'None', 'version_check': 'True', 'fail_fast': 'False', 'log_path': 'logs', 'debug': 'False', 'profiles_dir': 'C:\\Users\\lgrimes\\.dbt', 'use_colors': 'True', 'use_experimental_parser': 'False', 'empty': 'None', 'quiet': 'False', 'no_print': 'None', 'warn_error_options': 'WarnErrorOptions(include=[], exclude=[])', 'static_parser': 'True', 'introspect': 'True', 'invocation_command': 'dbt init', 'target_path': 'None', 'log_format': 'default', 'send_anonymous_usage_stats': 'True'}
[0m14:33:31.811006 [debug] [MainThread]: Starter project path: C:\Users\lgrimes\AppData\Local\Programs\Python\Python313\Lib\site-packages\dbt\include\starter_project
[0m14:33:31.932628 [info ] [MainThread]: 
Your new dbt project "FiveTran_Test" was created!

For more information on how to configure the profiles.yml file,
please consult the dbt documentation here:

  https://docs.getdbt.com/docs/configure-your-profile

One more thing:

Need help? Don't hesitate to reach out to us via GitHub issues or on Slack:

  https://community.getdbt.com/

Happy modeling!

[0m14:33:31.934274 [info ] [MainThread]: Setting up your profile.
[0m14:36:42.524250 [info ] [MainThread]: Profile FiveTran_Test written to C:\Users\lgrimes\.dbt\profiles.yml using target's profile_template.yml and your supplied values. Run 'dbt debug' to validate the connection.
[0m14:36:42.525886 [debug] [MainThread]: Command `dbt init` succeeded at 14:36:42.525736 after 201.74 seconds
[0m14:36:42.526203 [debug] [MainThread]: Sending event: {'category': 'dbt', 'action': 'invocation', 'label': 'end', 'context': [<snowplow_tracker.self_describing_json.SelfDescribingJson object at 0x000001C0D6A8E9E0>, <snowplow_tracker.self_describing_json.SelfDescribingJson object at 0x000001C0D4CC2210>, <snowplow_tracker.self_describing_json.SelfDescribingJson object at 0x000001C0D6AD5260>]}
[0m14:36:42.526499 [debug] [MainThread]: Flushing usage events
[0m14:36:42.896206 [debug] [MainThread]: Error sending anonymous usage statistics. Disabling tracking for this execution. If you wish to permanently disable tracking, see: https://docs.getdbt.com/reference/global-configs#send-anonymous-usage-stats.
[0m14:36:57.380410 [debug] [MainThread]: Sending event: {'category': 'dbt', 'action': 'invocation', 'label': 'start', 'context': [<snowplow_tracker.self_describing_json.SelfDescribingJson object at 0x0000023B3EEFE7B0>, <snowplow_tracker.self_describing_json.SelfDescribingJson object at 0x0000023B419207D0>, <snowplow_tracker.self_describing_json.SelfDescribingJson object at 0x0000023B41920690>]}


============================== 14:36:57.389357 | 226164ef-d9d5-4c12-9f4a-f3e6f1b3e61f ==============================
[0m14:36:57.389357 [info ] [MainThread]: Running with dbt=1.8.9
[0m14:36:57.390216 [debug] [MainThread]: running dbt with arguments {'printer_width': '80', 'indirect_selection': 'eager', 'log_cache_events': 'False', 'write_json': 'True', 'partial_parse': 'True', 'cache_selected_only': 'False', 'warn_error': 'None', 'fail_fast': 'False', 'version_check': 'True', 'log_path': 'logs', 'profiles_dir': 'C:\\Users\\lgrimes\\.dbt', 'debug': 'False', 'use_colors': 'True', 'use_experimental_parser': 'False', 'empty': 'None', 'quiet': 'False', 'no_print': 'None', 'warn_error_options': 'WarnErrorOptions(include=[], exclude=[])', 'introspect': 'True', 'static_parser': 'True', 'log_format': 'default', 'target_path': 'None', 'invocation_command': 'dbt debug', 'send_anonymous_usage_stats': 'True'}
[0m14:36:57.467451 [info ] [MainThread]: dbt version: 1.8.9
[0m14:36:57.468175 [info ] [MainThread]: python version: 3.13.0
[0m14:36:57.468762 [info ] [MainThread]: python path: C:\Users\lgrimes\AppData\Local\Programs\Python\Python313\python.exe
[0m14:36:57.469395 [info ] [MainThread]: os info: Windows-11-10.0.22631-SP0
[0m14:36:59.357227 [info ] [MainThread]: Using profiles dir at C:\Users\lgrimes\.dbt
[0m14:36:59.357964 [info ] [MainThread]: Using profiles.yml file at C:\Users\lgrimes\.dbt\profiles.yml
[0m14:36:59.358523 [info ] [MainThread]: Using dbt_project.yml file at c:\dbt\dbt_project.yml
[0m14:36:59.359524 [error] [MainThread]: Encountered an error:
Internal Error
  Profile should not be None if loading profile completed
[0m14:36:59.361278 [debug] [MainThread]: Command `dbt debug` failed at 14:36:59.361155 after 2.20 seconds
[0m14:36:59.361552 [debug] [MainThread]: Sending event: {'category': 'dbt', 'action': 'invocation', 'label': 'end', 'context': [<snowplow_tracker.self_describing_json.SelfDescribingJson object at 0x0000023B439B8640>, <snowplow_tracker.self_describing_json.SelfDescribingJson object at 0x0000023B43999490>, <snowplow_tracker.self_describing_json.SelfDescribingJson object at 0x0000023B43919370>]}
[0m14:36:59.361815 [debug] [MainThread]: Flushing usage events
[0m14:36:59.662684 [debug] [MainThread]: Error sending anonymous usage statistics. Disabling tracking for this execution. If you wish to permanently disable tracking, see: https://docs.getdbt.com/reference/global-configs#send-anonymous-usage-stats.
